 [2021-12-24 10:48:40] <6995> START NicepayLite PYO (V1.3.1B20180416(OS:Linux3.10.0-1062.12.1.el7.x86_64,PHP:5.2.17p1))
 [2021-12-24 10:48:40] <6995> TID: dongne202m01012112241048409647
 [2021-12-24 10:48:40] <6995> Connect to ssl://web.nicepay.co.kr:443
 [2021-12-24 10:48:40] <6995> ssl://web.nicepay.co.kr:443 Server Connect OK
 [2021-12-24 10:48:40] <6995> MSG_TO_SVR::[/lite/payProcess.jsp]
 [2021-12-24 10:48:41] <6995> TID -> [dongne202m01012112241048409647]
 [2021-12-24 10:48:41] <6995> 3001[카드 결제 성공]
 [2021-12-24 10:48:41] <6995> END PYO  Laptime:[0.597sec]
 [2021-12-24 10:48:41] <6995> ===============================================================
 [2021-12-24 11:34:51] <6988> START NicepayLite PYO (V1.3.1B20180416(OS:Linux3.10.0-1062.12.1.el7.x86_64,PHP:5.2.17p1))
 [2021-12-24 11:34:51] <6988> TID: dongne202m01012112241134515044
 [2021-12-24 11:34:51] <6988> Connect to ssl://web.nicepay.co.kr:443
 [2021-12-24 11:34:51] <6988> ssl://web.nicepay.co.kr:443 Server Connect OK
 [2021-12-24 11:34:51] <6988> MSG_TO_SVR::[/lite/payProcess.jsp]
 [2021-12-24 11:34:52] <6988> TID -> [dongne202m01012112241134515044]
 [2021-12-24 11:34:52] <6988> 3001[카드 결제 성공]
 [2021-12-24 11:34:52] <6988> END PYO  Laptime:[0.49sec]
 [2021-12-24 11:34:52] <6988> ===============================================================
 [2021-12-24 12:11:03] <6995> START NicepayLite PYO (V1.3.1B20180416(OS:Linux3.10.0-1062.12.1.el7.x86_64,PHP:5.2.17p1))
 [2021-12-24 12:11:03] <6995> TID: dongne202m01012112241211030791
 [2021-12-24 12:11:03] <6995> Connect to ssl://web.nicepay.co.kr:443
 [2021-12-24 12:11:03] <6995> ssl://web.nicepay.co.kr:443 Server Connect OK
 [2021-12-24 12:11:03] <6995> MSG_TO_SVR::[/lite/payProcess.jsp]
 [2021-12-24 12:11:03] <6995> TID -> [dongne202m01012112241211030791]
 [2021-12-24 12:11:03] <6995> 3001[카드 결제 성공]
 [2021-12-24 12:11:03] <6995> END PYO  Laptime:[0.691sec]
 [2021-12-24 12:11:03] <6995> ===============================================================
 [2021-12-24 17:26:45] <6991> START NicepayLite PYO (V1.3.1B20180416(OS:Linux3.10.0-1062.12.1.el7.x86_64,PHP:5.2.17p1))
 [2021-12-24 17:26:45] <6991> TID: dongne202m01012112241726457312
 [2021-12-24 17:26:45] <6991> Connect to ssl://web.nicepay.co.kr:443
 [2021-12-24 17:26:45] <6991> ssl://web.nicepay.co.kr:443 Server Connect OK
 [2021-12-24 17:26:45] <6991> MSG_TO_SVR::[/lite/payProcess.jsp]
 [2021-12-24 17:26:46] <6991> TID -> [dongne202m01012112241726457312]
 [2021-12-24 17:26:46] <6991> 3001[카드 결제 성공]
 [2021-12-24 17:26:46] <6991> END PYO  Laptime:[0.324sec]
 [2021-12-24 17:26:46] <6991> ===============================================================
 [2021-12-24 20:25:16] <6989> START NicepayLite PYO (V1.3.1B20180416(OS:Linux3.10.0-1062.12.1.el7.x86_64,PHP:5.2.17p1))
 [2021-12-24 20:25:16] <6989> TID: dongne202m01012112242025164986
 [2021-12-24 20:25:16] <6989> Connect to ssl://web.nicepay.co.kr:443
 [2021-12-24 20:25:16] <6989> ssl://web.nicepay.co.kr:443 Server Connect OK
 [2021-12-24 20:25:16] <6989> MSG_TO_SVR::[/lite/payProcess.jsp]
 [2021-12-24 20:25:17] <6989> TID -> [dongne202m01012112242025164986]
 [2021-12-24 20:25:17] <6989> 8198[신규발급카드사용요망]
 [2021-12-24 20:25:17] <6989> END PYO  Laptime:[0.69sec]
 [2021-12-24 20:25:17] <6989> ===============================================================
 [2021-12-24 20:27:18] <6993> START NicepayLite PYO (V1.3.1B20180416(OS:Linux3.10.0-1062.12.1.el7.x86_64,PHP:5.2.17p1))
 [2021-12-24 20:27:18] <6993> TID: dongne202m01012112242027188770
 [2021-12-24 20:27:18] <6993> Connect to ssl://web.nicepay.co.kr:443
 [2021-12-24 20:27:18] <6993> ssl://web.nicepay.co.kr:443 Server Connect OK
 [2021-12-24 20:27:18] <6993> MSG_TO_SVR::[/lite/payProcess.jsp]
 [2021-12-24 20:27:19] <6993> TID -> [dongne202m01012112242027188770]
 [2021-12-24 20:27:19] <6993> 8198[신규발급카드사용요망]
 [2021-12-24 20:27:19] <6993> END PYO  Laptime:[0.683sec]
 [2021-12-24 20:27:19] <6993> ===============================================================
 [2021-12-24 20:30:23] <6992> START NicepayLite PYO (V1.3.1B20180416(OS:Linux3.10.0-1062.12.1.el7.x86_64,PHP:5.2.17p1))
 [2021-12-24 20:30:23] <6992> TID: dongne202m01012112242030232008
 [2021-12-24 20:30:23] <6992> Connect to ssl://web.nicepay.co.kr:443
 [2021-12-24 20:30:23] <6992> ssl://web.nicepay.co.kr:443 Server Connect OK
 [2021-12-24 20:30:23] <6992> MSG_TO_SVR::[/lite/payProcess.jsp]
 [2021-12-24 20:30:23] <6992> TID -> [dongne202m01012112242030232008]
 [2021-12-24 20:30:23] <6992> 3001[카드 결제 성공]
 [2021-12-24 20:30:23] <6992> END PYO  Laptime:[0.618sec]
 [2021-12-24 20:30:23] <6992> ===============================================================
