 [2021-04-26 23:06:43] <48822> START NicepayLite CLO (V1.3.1B20180416(OS:Linux3.10.0-1062.12.1.el7.x86_64,PHP:5.2.17p1))
 [2021-04-26 23:06:43] <48822> TID: dongne202m01012104262306149870
 [2021-04-26 23:06:43] <48822> Connect to ssl://web.nicepay.co.kr:443
 [2021-04-26 23:06:43] <48822> ssl://web.nicepay.co.kr:443 Server Connect OK
 [2021-04-26 23:06:43] <48822> MSG_TO_SVR::[/lite/cancelProcess.jsp]
 [2021-04-26 23:06:43] <48822> TID -> [dongne202m01012104262306149870]
 [2021-04-26 23:06:43] <48822> 2025[취소패스워드 미입력]
 [2021-04-26 23:06:43] <48822> END CLO  Laptime:[0.062sec]
 [2021-04-26 23:06:43] <48822> ===============================================================
 [2021-04-26 23:07:52] <48832> START NicepayLite CLO (V1.3.1B20180416(OS:Linux3.10.0-1062.12.1.el7.x86_64,PHP:5.2.17p1))
 [2021-04-26 23:07:52] <48832> TID: dongne202m01012104262306149870
 [2021-04-26 23:07:52] <48832> Connect to ssl://web.nicepay.co.kr:443
 [2021-04-26 23:07:52] <48832> ssl://web.nicepay.co.kr:443 Server Connect OK
 [2021-04-26 23:07:52] <48832> MSG_TO_SVR::[/lite/cancelProcess.jsp]
 [2021-04-26 23:07:52] <48832> TID -> [dongne202m01012104262306149870]
 [2021-04-26 23:07:52] <48832> 2001[취소 성공]
 [2021-04-26 23:07:52] <48832> END CLO  Laptime:[0.346sec]
 [2021-04-26 23:07:52] <48832> ===============================================================
 [2021-04-26 23:48:28] <48816> START NicepayLite CLO (V1.3.1B20180416(OS:Linux3.10.0-1062.12.1.el7.x86_64,PHP:5.2.17p1))
 [2021-04-26 23:48:28] <48816> TID: dongne202m01012104262348159608
 [2021-04-26 23:48:28] <48816> Connect to ssl://web.nicepay.co.kr:443
 [2021-04-26 23:48:28] <48816> ssl://web.nicepay.co.kr:443 Server Connect OK
 [2021-04-26 23:48:28] <48816> MSG_TO_SVR::[/lite/cancelProcess.jsp]
 [2021-04-26 23:48:29] <48816> TID -> [dongne202m01012104262348159608]
 [2021-04-26 23:48:29] <48816> 2001[취소 성공]
 [2021-04-26 23:48:29] <48816> END CLO  Laptime:[0.292sec]
 [2021-04-26 23:48:29] <48816> ===============================================================
