 [2022-02-09 18:28:11] <30740> START NicepayLite PYO (V1.3.1B20180416(OS:Linux3.10.0-1062.12.1.el7.x86_64,PHP:5.2.17p1))
 [2022-02-09 18:28:11] <30740> TID: dongne202m01012202091828119683
 [2022-02-09 18:28:11] <30740> Connect to ssl://web.nicepay.co.kr:443
 [2022-02-09 18:28:11] <30740> ssl://web.nicepay.co.kr:443 Server Connect OK
 [2022-02-09 18:28:11] <30740> MSG_TO_SVR::[/lite/payProcess.jsp]
 [2022-02-09 18:28:12] <30740> TID -> [dongne202m01012202091828119683]
 [2022-02-09 18:28:12] <30740> 3001[카드 결제 성공]
 [2022-02-09 18:28:12] <30740> END PYO  Laptime:[0.71sec]
 [2022-02-09 18:28:12] <30740> ===============================================================
 [2022-02-09 19:43:36] <30734> START NicepayLite PYO (V1.3.1B20180416(OS:Linux3.10.0-1062.12.1.el7.x86_64,PHP:5.2.17p1))
 [2022-02-09 19:43:36] <30734> TID: dongne202m03012202091943363931
 [2022-02-09 19:43:36] <30734> Connect to ssl://web.nicepay.co.kr:443
 [2022-02-09 19:43:36] <30734> ssl://web.nicepay.co.kr:443 Server Connect OK
 [2022-02-09 19:43:36] <30734> MSG_TO_SVR::[/lite/payProcess.jsp]
 [2022-02-09 19:43:36] <30734> TID -> [dongne202m03012202091943363931]
 [2022-02-09 19:43:36] <30734> 4100[가상계좌 발급 성공]
 [2022-02-09 19:43:36] <30734> END PYO  Laptime:[0.125sec]
 [2022-02-09 19:43:36] <30734> ===============================================================
 [2022-02-09 19:51:14] <30733> START NicepayLite PYO (V1.3.1B20180416(OS:Linux3.10.0-1062.12.1.el7.x86_64,PHP:5.2.17p1))
 [2022-02-09 19:51:14] <30733> TID: dongne202m01012202091951143322
 [2022-02-09 19:51:14] <30733> Connect to ssl://web.nicepay.co.kr:443
 [2022-02-09 19:51:14] <30733> ssl://web.nicepay.co.kr:443 Server Connect OK
 [2022-02-09 19:51:14] <30733> MSG_TO_SVR::[/lite/payProcess.jsp]
 [2022-02-09 19:51:15] <30733> TID -> [dongne202m01012202091951143322]
 [2022-02-09 19:51:15] <30733> 3001[카드 결제 성공]
 [2022-02-09 19:51:15] <30733> END PYO  Laptime:[0.627sec]
 [2022-02-09 19:51:15] <30733> ===============================================================
