 [2021-10-19 14:37:28] <49378> START NicepayLite PYO (V1.3.1B20180416(OS:Linux3.10.0-1062.12.1.el7.x86_64,PHP:5.2.17p1))
 [2021-10-19 14:37:28] <49378> TID: dongne202m01012110191437283209
 [2021-10-19 14:37:28] <49378> Connect to ssl://web.nicepay.co.kr:443
 [2021-10-19 14:37:28] <49378> ssl://web.nicepay.co.kr:443 Server Connect OK
 [2021-10-19 14:37:28] <49378> MSG_TO_SVR::[/lite/payProcess.jsp]
 [2021-10-19 14:37:28] <49378> TID -> [dongne202m01012110191437283209]
 [2021-10-19 14:37:28] <49378> 3001[카드 결제 성공]
 [2021-10-19 14:37:28] <49378> END PYO  Laptime:[0.514sec]
 [2021-10-19 14:37:28] <49378> ===============================================================
 [2021-10-19 15:13:36] <49377> START NicepayLite PYO (V1.3.1B20180416(OS:Linux3.10.0-1062.12.1.el7.x86_64,PHP:5.2.17p1))
 [2021-10-19 15:13:36] <49377> TID: dongne202m01012110191513362606
 [2021-10-19 15:13:36] <49377> Connect to ssl://web.nicepay.co.kr:443
 [2021-10-19 15:13:36] <49377> ssl://web.nicepay.co.kr:443 Server Connect OK
 [2021-10-19 15:13:36] <49377> MSG_TO_SVR::[/lite/payProcess.jsp]
 [2021-10-19 15:13:36] <49377> TID -> [dongne202m01012110191513362606]
 [2021-10-19 15:13:36] <49377> 3001[카드 결제 성공]
 [2021-10-19 15:13:36] <49377> END PYO  Laptime:[0.265sec]
 [2021-10-19 15:13:36] <49377> ===============================================================
 [2021-10-19 18:16:24] <49382> START NicepayLite PYO (V1.3.1B20180416(OS:Linux3.10.0-1062.12.1.el7.x86_64,PHP:5.2.17p1))
 [2021-10-19 18:16:24] <49382> TID: dongne202m01012110191816243404
 [2021-10-19 18:16:24] <49382> Connect to ssl://web.nicepay.co.kr:443
 [2021-10-19 18:16:24] <49382> ssl://web.nicepay.co.kr:443 Server Connect OK
 [2021-10-19 18:16:24] <49382> MSG_TO_SVR::[/lite/payProcess.jsp]
 [2021-10-19 18:16:25] <49382> TID -> [dongne202m01012110191816243404]
 [2021-10-19 18:16:25] <49382> 3001[카드 결제 성공]
 [2021-10-19 18:16:25] <49382> END PYO  Laptime:[1.027sec]
 [2021-10-19 18:16:25] <49382> ===============================================================
