 [2021-09-23 10:57:16] <59552> START NicepayLite PYO (V1.3.1B20180416(OS:Linux3.10.0-1062.12.1.el7.x86_64,PHP:5.2.17p1))
 [2021-09-23 10:57:16] <59552> TID: dongne202m01012109231057166396
 [2021-09-23 10:57:16] <59552> Connect to ssl://web.nicepay.co.kr:443
 [2021-09-23 10:57:16] <59552> ssl://web.nicepay.co.kr:443 Server Connect OK
 [2021-09-23 10:57:16] <59552> MSG_TO_SVR::[/lite/payProcess.jsp]
 [2021-09-23 10:57:17] <59552> TID -> [dongne202m01012109231057166396]
 [2021-09-23 10:57:17] <59552> 3001[카드 결제 성공]
 [2021-09-23 10:57:17] <59552> END PYO  Laptime:[0.638sec]
 [2021-09-23 10:57:17] <59552> ===============================================================
 [2021-09-23 14:01:52] <59541> START NicepayLite PYO (V1.3.1B20180416(OS:Linux3.10.0-1062.12.1.el7.x86_64,PHP:5.2.17p1))
 [2021-09-23 14:01:52] <59541> TID: dongne202m01012109231401521136
 [2021-09-23 14:01:52] <59541> Connect to ssl://web.nicepay.co.kr:443
 [2021-09-23 14:01:52] <59541> ssl://web.nicepay.co.kr:443 Server Connect OK
 [2021-09-23 14:01:52] <59541> MSG_TO_SVR::[/lite/payProcess.jsp]
 [2021-09-23 14:01:52] <59541> TID -> [dongne202m01012109231401521136]
 [2021-09-23 14:01:52] <59541> 3001[카드 결제 성공]
 [2021-09-23 14:01:52] <59541> END PYO  Laptime:[0.534sec]
 [2021-09-23 14:01:52] <59541> ===============================================================
 [2021-09-23 14:10:40] <59545> START NicepayLite PYO (V1.3.1B20180416(OS:Linux3.10.0-1062.12.1.el7.x86_64,PHP:5.2.17p1))
 [2021-09-23 14:10:40] <59545> TID: dongne202m01012109231410402328
 [2021-09-23 14:10:40] <59545> Connect to ssl://web.nicepay.co.kr:443
 [2021-09-23 14:10:40] <59545> ssl://web.nicepay.co.kr:443 Server Connect OK
 [2021-09-23 14:10:40] <59545> MSG_TO_SVR::[/lite/payProcess.jsp]
 [2021-09-23 14:10:40] <59545> TID -> [dongne202m01012109231410402328]
 [2021-09-23 14:10:40] <59545> 3001[카드 결제 성공]
 [2021-09-23 14:10:40] <59545> END PYO  Laptime:[0.562sec]
 [2021-09-23 14:10:40] <59545> ===============================================================
 [2021-09-23 14:19:49] <59558> START NicepayLite PYO (V1.3.1B20180416(OS:Linux3.10.0-1062.12.1.el7.x86_64,PHP:5.2.17p1))
 [2021-09-23 14:19:49] <59558> TID: dongne202m01012109231419494132
 [2021-09-23 14:19:49] <59558> Connect to ssl://web.nicepay.co.kr:443
 [2021-09-23 14:19:49] <59558> ssl://web.nicepay.co.kr:443 Server Connect OK
 [2021-09-23 14:19:49] <59558> MSG_TO_SVR::[/lite/payProcess.jsp]
 [2021-09-23 14:19:50] <59558> TID -> [dongne202m01012109231419494132]
 [2021-09-23 14:19:50] <59558> 3001[카드 결제 성공]
 [2021-09-23 14:19:50] <59558> END PYO  Laptime:[0.565sec]
 [2021-09-23 14:19:50] <59558> ===============================================================
