 [2021-11-17 10:00:00] <26200> START NicepayLite PYO (V1.3.1B20180416(OS:Linux3.10.0-1062.12.1.el7.x86_64,PHP:5.2.17p1))
 [2021-11-17 10:00:00] <26200> TID: dongne202m01012111171000002257
 [2021-11-17 10:00:00] <26200> Connect to ssl://web.nicepay.co.kr:443
 [2021-11-17 10:00:00] <26200> ssl://web.nicepay.co.kr:443 Server Connect OK
 [2021-11-17 10:00:00] <26200> MSG_TO_SVR::[/lite/payProcess.jsp]
 [2021-11-17 10:00:00] <26200> TID -> [dongne202m01012111171000002257]
 [2021-11-17 10:00:00] <26200> 3001[카드 결제 성공]
 [2021-11-17 10:00:00] <26200> END PYO  Laptime:[0.577sec]
 [2021-11-17 10:00:00] <26200> ===============================================================
 [2021-11-17 10:22:31] <26212> START NicepayLite PYO (V1.3.1B20180416(OS:Linux3.10.0-1062.12.1.el7.x86_64,PHP:5.2.17p1))
 [2021-11-17 10:22:31] <26212> TID: dongne202m01012111171022316086
 [2021-11-17 10:22:31] <26212> Connect to ssl://web.nicepay.co.kr:443
 [2021-11-17 10:22:31] <26212> ssl://web.nicepay.co.kr:443 Server Connect OK
 [2021-11-17 10:22:31] <26212> MSG_TO_SVR::[/lite/payProcess.jsp]
 [2021-11-17 10:22:32] <26212> TID -> [dongne202m01012111171022316086]
 [2021-11-17 10:22:32] <26212> 3001[카드 결제 성공]
 [2021-11-17 10:22:32] <26212> END PYO  Laptime:[0.684sec]
 [2021-11-17 10:22:32] <26212> ===============================================================
 [2021-11-17 10:37:47] <26207> START NicepayLite PYO (V1.3.1B20180416(OS:Linux3.10.0-1062.12.1.el7.x86_64,PHP:5.2.17p1))
 [2021-11-17 10:37:47] <26207> TID: dongne202m01012111171037476390
 [2021-11-17 10:37:47] <26207> Connect to ssl://web.nicepay.co.kr:443
 [2021-11-17 10:37:47] <26207> ssl://web.nicepay.co.kr:443 Server Connect OK
 [2021-11-17 10:37:47] <26207> MSG_TO_SVR::[/lite/payProcess.jsp]
 [2021-11-17 10:37:48] <26207> TID -> [dongne202m01012111171037476390]
 [2021-11-17 10:37:48] <26207> 3001[카드 결제 성공]
 [2021-11-17 10:37:48] <26207> END PYO  Laptime:[0.528sec]
 [2021-11-17 10:37:48] <26207> ===============================================================
