 [2021-11-06 10:14:45] <28423> START NicepayLite PYO (V1.3.1B20180416(OS:Linux3.10.0-1062.12.1.el7.x86_64,PHP:5.2.17p1))
 [2021-11-06 10:14:45] <28423> TID: dongne202m01012111061014450993
 [2021-11-06 10:14:45] <28423> Connect to ssl://web.nicepay.co.kr:443
 [2021-11-06 10:14:45] <28423> ssl://web.nicepay.co.kr:443 Server Connect OK
 [2021-11-06 10:14:45] <28423> MSG_TO_SVR::[/lite/payProcess.jsp]
 [2021-11-06 10:14:45] <28423> TID -> [dongne202m01012111061014450993]
 [2021-11-06 10:14:45] <28423> 3001[카드 결제 성공]
 [2021-11-06 10:14:45] <28423> END PYO  Laptime:[0.645sec]
 [2021-11-06 10:14:45] <28423> ===============================================================
 [2021-11-06 12:52:54] <28423> START NicepayLite PYO (V1.3.1B20180416(OS:Linux3.10.0-1062.12.1.el7.x86_64,PHP:5.2.17p1))
 [2021-11-06 12:52:54] <28423> TID: dongne202m01012111061252547611
 [2021-11-06 12:52:54] <28423> Connect to ssl://web.nicepay.co.kr:443
 [2021-11-06 12:52:54] <28423> ssl://web.nicepay.co.kr:443 Server Connect OK
 [2021-11-06 12:52:54] <28423> MSG_TO_SVR::[/lite/payProcess.jsp]
 [2021-11-06 12:52:56] <28423> TID -> [dongne202m01012111061252547611]
 [2021-11-06 12:52:56] <28423> 3001[카드 결제 성공]
 [2021-11-06 12:52:56] <28423> END PYO  Laptime:[1.423sec]
 [2021-11-06 12:52:56] <28423> ===============================================================
 [2021-11-06 15:22:41] <28423> START NicepayLite PYO (V1.3.1B20180416(OS:Linux3.10.0-1062.12.1.el7.x86_64,PHP:5.2.17p1))
 [2021-11-06 15:22:41] <28423> TID: dongne202m01012111061522414723
 [2021-11-06 15:22:41] <28423> Connect to ssl://web.nicepay.co.kr:443
 [2021-11-06 15:22:41] <28423> ssl://web.nicepay.co.kr:443 Server Connect OK
 [2021-11-06 15:22:41] <28423> MSG_TO_SVR::[/lite/payProcess.jsp]
 [2021-11-06 15:22:42] <28423> TID -> [dongne202m01012111061522414723]
 [2021-11-06 15:22:42] <28423> 3001[카드 결제 성공]
 [2021-11-06 15:22:42] <28423> END PYO  Laptime:[0.551sec]
 [2021-11-06 15:22:42] <28423> ===============================================================
