 [2021-04-08 12:16:36] <49120> START NicepayLite PYO (V1.3.1B20180416(OS:Linux3.10.0-1062.12.1.el7.x86_64,PHP:5.2.17p1))
 [2021-04-08 12:16:36] <49120> TID: dongne202m01012104081216364536
 [2021-04-08 12:16:36] <49120> Connect to ssl://web.nicepay.co.kr:443
 [2021-04-08 12:16:36] <49120> ssl://web.nicepay.co.kr:443 Server Connect OK
 [2021-04-08 12:16:36] <49120> MSG_TO_SVR::[/lite/payProcess.jsp]
 [2021-04-08 12:16:36] <49120> TID -> [dongne202m01012104081216364536]
 [2021-04-08 12:16:36] <49120> 3001[墨靛 搬力 己傍]
 [2021-04-08 12:16:36] <49120> END PYO  Laptime:[0.498sec]
 [2021-04-08 12:16:36] <49120> ===============================================================
 [2021-04-08 12:29:41] <49133> START NicepayLite PYO (V1.3.1B20180416(OS:Linux3.10.0-1062.12.1.el7.x86_64,PHP:5.2.17p1))
 [2021-04-08 12:29:41] <49133> TID: dongne202m01012104081229412897
 [2021-04-08 12:29:41] <49133> Connect to ssl://web.nicepay.co.kr:443
 [2021-04-08 12:29:41] <49133> ssl://web.nicepay.co.kr:443 Server Connect OK
 [2021-04-08 12:29:41] <49133> MSG_TO_SVR::[/lite/payProcess.jsp]
 [2021-04-08 12:29:41] <49133> TID -> [dongne202m01012104081229412897]
 [2021-04-08 12:29:41] <49133> 3001[旃措 瓴办 标车]
 [2021-04-08 12:29:41] <49133> END PYO  Laptime:[0.531sec]
 [2021-04-08 12:29:41] <49133> ===============================================================
 [2021-04-08 17:16:44] <49119> START NicepayLite PYO (V1.3.1B20180416(OS:Linux3.10.0-1062.12.1.el7.x86_64,PHP:5.2.17p1))
 [2021-04-08 17:16:44] <49119> TID: dongne202m01012104081716445475
 [2021-04-08 17:16:44] <49119> Connect to ssl://web.nicepay.co.kr:443
 [2021-04-08 17:16:44] <49119> ssl://web.nicepay.co.kr:443 Server Connect OK
 [2021-04-08 17:16:44] <49119> MSG_TO_SVR::[/lite/payProcess.jsp]
 [2021-04-08 17:16:45] <49119> TID -> [dongne202m01012104081716445475]
 [2021-04-08 17:16:45] <49119> 3001[旃措 瓴办 标车]
 [2021-04-08 17:16:45] <49119> END PYO  Laptime:[0.487sec]
 [2021-04-08 17:16:45] <49119> ===============================================================
 [2021-04-08 17:35:55] <49138> START NicepayLite PYO (V1.3.1B20180416(OS:Linux3.10.0-1062.12.1.el7.x86_64,PHP:5.2.17p1))
 [2021-04-08 17:35:55] <49138> TID: dongne202m01012104081735552821
 [2021-04-08 17:35:55] <49138> Connect to ssl://web.nicepay.co.kr:443
 [2021-04-08 17:35:55] <49138> ssl://web.nicepay.co.kr:443 Server Connect OK
 [2021-04-08 17:35:55] <49138> MSG_TO_SVR::[/lite/payProcess.jsp]
 [2021-04-08 17:35:55] <49138> TID -> [dongne202m01012104081735552821]
 [2021-04-08 17:35:55] <49138> 3001[旃措 瓴办 标车]
 [2021-04-08 17:35:55] <49138> END PYO  Laptime:[0.521sec]
 [2021-04-08 17:35:55] <49138> ===============================================================
 [2021-04-08 17:49:07] <49143> START NicepayLite PYO (V1.3.1B20180416(OS:Linux3.10.0-1062.12.1.el7.x86_64,PHP:5.2.17p1))
 [2021-04-08 17:49:07] <49143> TID: dongne202m01012104081749077206
 [2021-04-08 17:49:07] <49143> Connect to ssl://web.nicepay.co.kr:443
 [2021-04-08 17:49:07] <49143> ssl://web.nicepay.co.kr:443 Server Connect OK
 [2021-04-08 17:49:07] <49143> MSG_TO_SVR::[/lite/payProcess.jsp]
 [2021-04-08 17:49:08] <49143> TID -> [dongne202m01012104081749077206]
 [2021-04-08 17:49:08] <49143> 3001[旃措 瓴办 标车]
 [2021-04-08 17:49:08] <49143> END PYO  Laptime:[0.468sec]
 [2021-04-08 17:49:08] <49143> ===============================================================
 [2021-04-08 18:42:24] <49123> START NicepayLite PYO (V1.3.1B20180416(OS:Linux3.10.0-1062.12.1.el7.x86_64,PHP:5.2.17p1))
 [2021-04-08 18:42:24] <49123> TID: dongne202m01012104081842246755
 [2021-04-08 18:42:24] <49123> Connect to ssl://web.nicepay.co.kr:443
 [2021-04-08 18:42:24] <49123> ssl://web.nicepay.co.kr:443 Server Connect OK
 [2021-04-08 18:42:24] <49123> MSG_TO_SVR::[/lite/payProcess.jsp]
 [2021-04-08 18:42:25] <49123> TID -> [dongne202m01012104081842246755]
 [2021-04-08 18:42:25] <49123> 3001[旃措 瓴办 标车]
 [2021-04-08 18:42:25] <49123> END PYO  Laptime:[0.451sec]
 [2021-04-08 18:42:25] <49123> ===============================================================
 [2021-04-08 18:48:17] <49136> START NicepayLite PYO (V1.3.1B20180416(OS:Linux3.10.0-1062.12.1.el7.x86_64,PHP:5.2.17p1))
 [2021-04-08 18:48:17] <49136> TID: dongne202m01012104081848176008
 [2021-04-08 18:48:17] <49136> Connect to ssl://web.nicepay.co.kr:443
 [2021-04-08 18:48:17] <49136> ssl://web.nicepay.co.kr:443 Server Connect OK
 [2021-04-08 18:48:17] <49136> MSG_TO_SVR::[/lite/payProcess.jsp]
 [2021-04-08 18:48:18] <49136> TID -> [dongne202m01012104081848176008]
 [2021-04-08 18:48:18] <49136> 3001[旃措 瓴办 标车]
 [2021-04-08 18:48:18] <49136> END PYO  Laptime:[0.456sec]
 [2021-04-08 18:48:18] <49136> ===============================================================
