 [2021-12-20 02:00:52] <14624> START NicepayLite PYO (V1.3.1B20180416(OS:Linux3.10.0-1062.12.1.el7.x86_64,PHP:5.2.17p1))
 [2021-12-20 02:00:52] <14624> TID: dongne202m01012112200200521587
 [2021-12-20 02:00:52] <14624> Connect to ssl://web.nicepay.co.kr:443
 [2021-12-20 02:00:52] <14624> ssl://web.nicepay.co.kr:443 Server Connect OK
 [2021-12-20 02:00:52] <14624> MSG_TO_SVR::[/lite/payProcess.jsp]
 [2021-12-20 02:00:52] <14624> TID -> [dongne202m01012112200200521587]
 [2021-12-20 02:00:52] <14624> 3001[카드 결제 성공]
 [2021-12-20 02:00:52] <14624> END PYO  Laptime:[0.654sec]
 [2021-12-20 02:00:52] <14624> ===============================================================
 [2021-12-20 10:54:11] <10426> START NicepayLite PYO (V1.3.1B20180416(OS:Linux3.10.0-1062.12.1.el7.x86_64,PHP:5.2.17p1))
 [2021-12-20 10:54:11] <10426> TID: dongne202m01012112201054114910
 [2021-12-20 10:54:11] <10426> Connect to ssl://web.nicepay.co.kr:443
 [2021-12-20 10:54:11] <10426> ssl://web.nicepay.co.kr:443 Server Connect OK
 [2021-12-20 10:54:11] <10426> MSG_TO_SVR::[/lite/payProcess.jsp]
 [2021-12-20 10:54:11] <10426> TID -> [dongne202m01012112201054114910]
 [2021-12-20 10:54:11] <10426> 3001[카드 결제 성공]
 [2021-12-20 10:54:11] <10426> END PYO  Laptime:[0.435sec]
 [2021-12-20 10:54:11] <10426> ===============================================================
 [2021-12-20 21:58:02] <10421> START NicepayLite PYO (V1.3.1B20180416(OS:Linux3.10.0-1062.12.1.el7.x86_64,PHP:5.2.17p1))
 [2021-12-20 21:58:02] <10421> TID: dongne202m01012112202158024974
 [2021-12-20 21:58:02] <10421> Connect to ssl://web.nicepay.co.kr:443
 [2021-12-20 21:58:02] <10421> ssl://web.nicepay.co.kr:443 Server Connect OK
 [2021-12-20 21:58:02] <10421> MSG_TO_SVR::[/lite/payProcess.jsp]
 [2021-12-20 21:58:03] <10421> TID -> [dongne202m01012112202158024974]
 [2021-12-20 21:58:03] <10421> 3001[카드 결제 성공]
 [2021-12-20 21:58:03] <10421> END PYO  Laptime:[0.848sec]
 [2021-12-20 21:58:03] <10421> ===============================================================
