 [2021-04-26 20:04:54] <48830> START NicepayLite PYO (V1.3.1B20180416(OS:Linux3.10.0-1062.12.1.el7.x86_64,PHP:5.2.17p1))
 [2021-04-26 20:04:54] <48830> TID: dongne202m01012104262004548843
 [2021-04-26 20:04:54] <48830> Connect to ssl://web.nicepay.co.kr:443
 [2021-04-26 20:04:54] <48830> ssl://web.nicepay.co.kr:443 Server Connect OK
 [2021-04-26 20:04:54] <48830> MSG_TO_SVR::[/lite/payProcess.jsp]
 [2021-04-26 20:04:55] <48830> TID -> [dongne202m01012104262004548843]
 [2021-04-26 20:04:55] <48830> 3001[카드 결제 성공]
 [2021-04-26 20:04:55] <48830> END PYO  Laptime:[0.562sec]
 [2021-04-26 20:04:55] <48830> ===============================================================
 [2021-04-26 22:15:48] <48828> START NicepayLite PYO (V1.3.1B20180416(OS:Linux3.10.0-1062.12.1.el7.x86_64,PHP:5.2.17p1))
 [2021-04-26 22:15:48] <48828> TID: dongne202m01012104262215480112
 [2021-04-26 22:15:48] <48828> Connect to ssl://web.nicepay.co.kr:443
 [2021-04-26 22:15:48] <48828> ssl://web.nicepay.co.kr:443 Server Connect OK
 [2021-04-26 22:15:48] <48828> MSG_TO_SVR::[/lite/payProcess.jsp]
 [2021-04-26 22:15:48] <48828> TID -> [dongne202m01012104262215480112]
 [2021-04-26 22:15:48] <48828> 3001[카드 결제 성공]
 [2021-04-26 22:15:48] <48828> END PYO  Laptime:[0.411sec]
 [2021-04-26 22:15:48] <48828> ===============================================================
 [2021-04-26 22:27:34] <48827> START NicepayLite PYO (V1.3.1B20180416(OS:Linux3.10.0-1062.12.1.el7.x86_64,PHP:5.2.17p1))
 [2021-04-26 22:27:34] <48827> TID: dongne202m01012104262227344497
 [2021-04-26 22:27:34] <48827> Connect to ssl://web.nicepay.co.kr:443
 [2021-04-26 22:27:34] <48827> ssl://web.nicepay.co.kr:443 Server Connect OK
 [2021-04-26 22:27:34] <48827> MSG_TO_SVR::[/lite/payProcess.jsp]
 [2021-04-26 22:27:34] <48827> TID -> [dongne202m01012104262227344497]
 [2021-04-26 22:27:34] <48827> 3001[카드 결제 성공]
 [2021-04-26 22:27:34] <48827> END PYO  Laptime:[0.416sec]
 [2021-04-26 22:27:34] <48827> ===============================================================
 [2021-04-26 22:45:16] <48816> START NicepayLite PYO (V1.3.1B20180416(OS:Linux3.10.0-1062.12.1.el7.x86_64,PHP:5.2.17p1))
 [2021-04-26 22:45:16] <48816> TID: dongne202m01012104262245167870
 [2021-04-26 22:45:16] <48816> Connect to ssl://web.nicepay.co.kr:443
 [2021-04-26 22:45:16] <48816> ssl://web.nicepay.co.kr:443 Server Connect OK
 [2021-04-26 22:45:16] <48816> MSG_TO_SVR::[/lite/payProcess.jsp]
 [2021-04-26 22:45:17] <48816> TID -> [dongne202m01012104262245167870]
 [2021-04-26 22:45:17] <48816> 3001[카드 결제 성공]
 [2021-04-26 22:45:17] <48816> END PYO  Laptime:[0.379sec]
 [2021-04-26 22:45:17] <48816> ===============================================================
 [2021-04-26 23:06:14] <48833> START NicepayLite PYO (V1.3.1B20180416(OS:Linux3.10.0-1062.12.1.el7.x86_64,PHP:5.2.17p1))
 [2021-04-26 23:06:14] <48833> TID: dongne202m01012104262306149870
 [2021-04-26 23:06:14] <48833> Connect to ssl://web.nicepay.co.kr:443
 [2021-04-26 23:06:14] <48833> ssl://web.nicepay.co.kr:443 Server Connect OK
 [2021-04-26 23:06:14] <48833> MSG_TO_SVR::[/lite/payProcess.jsp]
 [2021-04-26 23:06:15] <48833> TID -> [dongne202m01012104262306149870]
 [2021-04-26 23:06:15] <48833> 3001[카드 결제 성공]
 [2021-04-26 23:06:15] <48833> END PYO  Laptime:[0.351sec]
 [2021-04-26 23:06:15] <48833> ===============================================================
 [2021-04-26 23:48:15] <48815> START NicepayLite PYO (V1.3.1B20180416(OS:Linux3.10.0-1062.12.1.el7.x86_64,PHP:5.2.17p1))
 [2021-04-26 23:48:15] <48815> TID: dongne202m01012104262348159608
 [2021-04-26 23:48:15] <48815> Connect to ssl://web.nicepay.co.kr:443
 [2021-04-26 23:48:15] <48815> ssl://web.nicepay.co.kr:443 Server Connect OK
 [2021-04-26 23:48:15] <48815> MSG_TO_SVR::[/lite/payProcess.jsp]
 [2021-04-26 23:48:16] <48815> TID -> [dongne202m01012104262348159608]
 [2021-04-26 23:48:16] <48815> 3001[카드 결제 성공]
 [2021-04-26 23:48:16] <48815> END PYO  Laptime:[0.524sec]
 [2021-04-26 23:48:16] <48815> ===============================================================
