 [2021-11-10 16:15:25] <762> START NicepayLite PYO (V1.3.1B20180416(OS:Linux3.10.0-1062.12.1.el7.x86_64,PHP:5.2.17p1))
 [2021-11-10 16:15:25] <762> TID: dongne202m01012111101615251239
 [2021-11-10 16:15:25] <762> Connect to ssl://web.nicepay.co.kr:443
 [2021-11-10 16:15:25] <762> ssl://web.nicepay.co.kr:443 Server Connect OK
 [2021-11-10 16:15:25] <762> MSG_TO_SVR::[/lite/payProcess.jsp]
 [2021-11-10 16:15:25] <762> TID -> [dongne202m01012111101615251239]
 [2021-11-10 16:15:25] <762> 3001[카드 결제 성공]
 [2021-11-10 16:15:25] <762> END PYO  Laptime:[0.498sec]
 [2021-11-10 16:15:25] <762> ===============================================================
 [2021-11-10 17:28:18] <781> START NicepayLite PYO (V1.3.1B20180416(OS:Linux3.10.0-1062.12.1.el7.x86_64,PHP:5.2.17p1))
 [2021-11-10 17:28:18] <781> TID: dongne202m01012111101728183640
 [2021-11-10 17:28:18] <781> Connect to ssl://web.nicepay.co.kr:443
 [2021-11-10 17:28:18] <781> ssl://web.nicepay.co.kr:443 Server Connect OK
 [2021-11-10 17:28:18] <781> MSG_TO_SVR::[/lite/payProcess.jsp]
 [2021-11-10 17:28:18] <781> TID -> [dongne202m01012111101728183640]
 [2021-11-10 17:28:18] <781> 3001[카드 결제 성공]
 [2021-11-10 17:28:18] <781> END PYO  Laptime:[0.415sec]
 [2021-11-10 17:28:18] <781> ===============================================================
 [2021-11-10 17:46:14] <769> START NicepayLite PYO (V1.3.1B20180416(OS:Linux3.10.0-1062.12.1.el7.x86_64,PHP:5.2.17p1))
 [2021-11-10 17:46:14] <769> TID: dongne202m01012111101746141788
 [2021-11-10 17:46:14] <769> Connect to ssl://web.nicepay.co.kr:443
 [2021-11-10 17:46:14] <769> ssl://web.nicepay.co.kr:443 Server Connect OK
 [2021-11-10 17:46:14] <769> MSG_TO_SVR::[/lite/payProcess.jsp]
 [2021-11-10 17:46:15] <769> TID -> [dongne202m01012111101746141788]
 [2021-11-10 17:46:15] <769> 3001[카드 결제 성공]
 [2021-11-10 17:46:15] <769> END PYO  Laptime:[0.844sec]
 [2021-11-10 17:46:15] <769> ===============================================================
