 [2021-10-13 16:34:26] <16645> START NicepayLite PYO (V1.3.1B20180416(OS:Linux3.10.0-1062.12.1.el7.x86_64,PHP:5.2.17p1))
 [2021-10-13 16:34:26] <16645> TID: dongne202m01012110131634267059
 [2021-10-13 16:34:26] <16645> Connect to ssl://web.nicepay.co.kr:443
 [2021-10-13 16:34:26] <16645> ssl://web.nicepay.co.kr:443 Server Connect OK
 [2021-10-13 16:34:26] <16645> MSG_TO_SVR::[/lite/payProcess.jsp]
 [2021-10-13 16:34:27] <16645> TID -> [dongne202m01012110131634267059]
 [2021-10-13 16:34:27] <16645> 3001[카드 결제 성공]
 [2021-10-13 16:34:27] <16645> END PYO  Laptime:[0.517sec]
 [2021-10-13 16:34:27] <16645> ===============================================================
 [2021-10-13 17:37:02] <16632> START NicepayLite PYO (V1.3.1B20180416(OS:Linux3.10.0-1062.12.1.el7.x86_64,PHP:5.2.17p1))
 [2021-10-13 17:37:02] <16632> TID: dongne202m01012110131737023611
 [2021-10-13 17:37:02] <16632> Connect to ssl://web.nicepay.co.kr:443
 [2021-10-13 17:37:02] <16632> ssl://web.nicepay.co.kr:443 Server Connect OK
 [2021-10-13 17:37:02] <16632> MSG_TO_SVR::[/lite/payProcess.jsp]
 [2021-10-13 17:37:02] <16632> TID -> [dongne202m01012110131737023611]
 [2021-10-13 17:37:02] <16632> 9305[회원한도초과]
 [2021-10-13 17:37:02] <16632> END PYO  Laptime:[0.504sec]
 [2021-10-13 17:37:02] <16632> ===============================================================
 [2021-10-13 22:51:57] <16635> START NicepayLite PYO (V1.3.1B20180416(OS:Linux3.10.0-1062.12.1.el7.x86_64,PHP:5.2.17p1))
 [2021-10-13 22:51:57] <16635> TID: dongne202m01012110132251577964
 [2021-10-13 22:51:57] <16635> Connect to ssl://web.nicepay.co.kr:443
 [2021-10-13 22:51:57] <16635> ssl://web.nicepay.co.kr:443 Server Connect OK
 [2021-10-13 22:51:57] <16635> MSG_TO_SVR::[/lite/payProcess.jsp]
 [2021-10-13 22:51:58] <16635> TID -> [dongne202m01012110132251577964]
 [2021-10-13 22:51:58] <16635> 8324[거래정지카드]
 [2021-10-13 22:51:58] <16635> END PYO  Laptime:[0.405sec]
 [2021-10-13 22:51:58] <16635> ===============================================================
