 [2022-01-07 12:22:49] <11751> START NicepayLite PYO (V1.3.1B20180416(OS:Linux3.10.0-1062.12.1.el7.x86_64,PHP:5.2.17p1))
 [2022-01-07 12:22:49] <11751> TID: dongne202m01012201071222494158
 [2022-01-07 12:22:49] <11751> Connect to ssl://web.nicepay.co.kr:443
 [2022-01-07 12:22:49] <11751> ssl://web.nicepay.co.kr:443 Server Connect OK
 [2022-01-07 12:22:49] <11751> MSG_TO_SVR::[/lite/payProcess.jsp]
 [2022-01-07 12:22:49] <11751> TID -> [dongne202m01012201071222494158]
 [2022-01-07 12:22:49] <11751> 3001[카드 결제 성공]
 [2022-01-07 12:22:49] <11751> END PYO  Laptime:[0.397sec]
 [2022-01-07 12:22:49] <11751> ===============================================================
 [2022-01-07 13:40:18] <11764> START NicepayLite PYO (V1.3.1B20180416(OS:Linux3.10.0-1062.12.1.el7.x86_64,PHP:5.2.17p1))
 [2022-01-07 13:40:18] <11764> TID: dongne202m01012201071340185641
 [2022-01-07 13:40:18] <11764> Connect to ssl://web.nicepay.co.kr:443
 [2022-01-07 13:40:18] <11764> ssl://web.nicepay.co.kr:443 Server Connect OK
 [2022-01-07 13:40:18] <11764> MSG_TO_SVR::[/lite/payProcess.jsp]
 [2022-01-07 13:40:19] <11764> TID -> [dongne202m01012201071340185641]
 [2022-01-07 13:40:19] <11764> 3001[카드 결제 성공]
 [2022-01-07 13:40:19] <11764> END PYO  Laptime:[0.718sec]
 [2022-01-07 13:40:19] <11764> ===============================================================
 [2022-01-07 15:28:54] <11755> START NicepayLite PYO (V1.3.1B20180416(OS:Linux3.10.0-1062.12.1.el7.x86_64,PHP:5.2.17p1))
 [2022-01-07 15:28:54] <11755> TID: dongne202m01012201071528547190
 [2022-01-07 15:28:54] <11755> Connect to ssl://web.nicepay.co.kr:443
 [2022-01-07 15:28:54] <11755> ssl://web.nicepay.co.kr:443 Server Connect OK
 [2022-01-07 15:28:54] <11755> MSG_TO_SVR::[/lite/payProcess.jsp]
 [2022-01-07 15:28:55] <11755> TID -> [dongne202m01012201071528547190]
 [2022-01-07 15:28:55] <11755> 3001[카드 결제 성공]
 [2022-01-07 15:28:55] <11755> END PYO  Laptime:[0.396sec]
 [2022-01-07 15:28:55] <11755> ===============================================================
 [2022-01-07 15:32:35] <11773> START NicepayLite PYO (V1.3.1B20180416(OS:Linux3.10.0-1062.12.1.el7.x86_64,PHP:5.2.17p1))
 [2022-01-07 15:32:35] <11773> TID: dongne202m01012201071532356004
 [2022-01-07 15:32:35] <11773> Connect to ssl://web.nicepay.co.kr:443
 [2022-01-07 15:32:35] <11773> ssl://web.nicepay.co.kr:443 Server Connect OK
 [2022-01-07 15:32:35] <11773> MSG_TO_SVR::[/lite/payProcess.jsp]
 [2022-01-07 15:32:36] <11773> TID -> [dongne202m01012201071532356004]
 [2022-01-07 15:32:36] <11773> 3001[카드 결제 성공]
 [2022-01-07 15:32:36] <11773> END PYO  Laptime:[0.576sec]
 [2022-01-07 15:32:36] <11773> ===============================================================
